[2020-08-19 00:45:21.012] [renderer1] [error] <syntax> TypeScript Server Error (3.8.3)
Debug Failure. False expression: Expected line to be non-zero
Error: Debug Failure. False expression: Expected line to be non-zero
    at failIfInvalidLocation (tsserver.js:138899:22)
    at ScriptInfo.positionToLineOffset (tsserver.js:138872:17)
    at toProtocolTextSpan (tsserver.js:146077:35)
    at tsserver.js:145608:68
    at Array.map (<anonymous>)
    at IOSession.Session.toLocationNavigationTree (tsserver.js:145608:39)
    at IOSession.Session.getNavigationTree (tsserver.js:145619:32)
    at Session.handlers.ts.createMapFromTemplate._a.<computed> (tsserver.js:144481:61)
    at tsserver.js:146003:88
    at IOSession.Session.executeWithRequestId (tsserver.js:145994:28)
    at IOSession.Session.executeCommand (tsserver.js:146003:33)
    at IOSession.Session.onMessage (tsserver.js:146027:35)
    at Interface.<anonymous> (tsserver.js:147342:27)
    at Interface.emit (events.js:203:13)
    at Interface._onLine (readline.js:316:10)
    at Interface._normalWrite (readline.js:461:12)
    at Socket.ondata (readline.js:172:10)
    at Socket.emit (events.js:203:13)
    at addChunk (_stream_readable.js:295:12)
    at readableAddChunk (_stream_readable.js:276:11)
    at Socket.Readable.push (_stream_readable.js:210:10)
    at Pipe.onStreamRead (internal/stream_base_commons.js:166:17): Error: <syntax> TypeScript Server Error (3.8.3)
Debug Failure. False expression: Expected line to be non-zero
Error: Debug Failure. False expression: Expected line to be non-zero
    at failIfInvalidLocation (tsserver.js:138899:22)
    at ScriptInfo.positionToLineOffset (tsserver.js:138872:17)
    at toProtocolTextSpan (tsserver.js:146077:35)
    at tsserver.js:145608:68
    at Array.map (<anonymous>)
    at IOSession.Session.toLocationNavigationTree (tsserver.js:145608:39)
    at IOSession.Session.getNavigationTree (tsserver.js:145619:32)
    at Session.handlers.ts.createMapFromTemplate._a.<computed> (tsserver.js:144481:61)
    at tsserver.js:146003:88
    at IOSession.Session.executeWithRequestId (tsserver.js:145994:28)
    at IOSession.Session.executeCommand (tsserver.js:146003:33)
    at IOSession.Session.onMessage (tsserver.js:146027:35)
    at Interface.<anonymous> (tsserver.js:147342:27)
    at Interface.emit (events.js:203:13)
    at Interface._onLine (readline.js:316:10)
    at Interface._normalWrite (readline.js:461:12)
    at Socket.ondata (readline.js:172:10)
    at Socket.emit (events.js:203:13)
    at addChunk (_stream_readable.js:295:12)
    at readableAddChunk (_stream_readable.js:276:11)
    at Socket.Readable.push (_stream_readable.js:210:10)
    at Pipe.onStreamRead (internal/stream_base_commons.js:166:17)
	at Function.create (/usr/share/code/resources/app/extensions/typescript-language-features/dist/extension.js:1:52622)
	at e.dispatchResponse (/usr/share/code/resources/app/extensions/typescript-language-features/dist/extension.js:1:220920)
	at e.dispatchMessage (/usr/share/code/resources/app/extensions/typescript-language-features/dist/extension.js:1:219838)
	at /usr/share/code/resources/app/extensions/typescript-language-features/dist/extension.js:1:219314
	at e.fire (/usr/share/code/resources/app/out/vs/workbench/services/extensions/node/extensionHostProcess.js:48:497)
	at t.Reader.onLengthData (/usr/share/code/resources/app/extensions/typescript-language-features/dist/extension.js:1:227976)
	at Socket.<anonymous> (/usr/share/code/resources/app/extensions/typescript-language-features/dist/extension.js:1:227624)
	at Socket.emit (events.js:203:13)
	at addChunk (_stream_readable.js:295:12)
	at readableAddChunk (_stream_readable.js:276:11)
	at Socket.Readable.push (_stream_readable.js:210:10)
	at Pipe.onStreamRead (internal/stream_base_commons.js:166:17)
[2020-08-19 00:46:21.411] [renderer1] [error] Illegal value for lineNumber: Error: Illegal value for lineNumber
    at e.getLineContent (file:///usr/share/code/resources/app/out/vs/workbench/workbench.desktop.main.js:1368:157)
    at e.update (file:///usr/share/code/resources/app/out/vs/workbench/workbench.desktop.main.js:2333:49)
    at e.update (file:///usr/share/code/resources/app/out/vs/workbench/workbench.desktop.main.js:2463:37)
    at processTicksAndRejections (internal/process/task_queues.js:85:5)
[2020-08-19 00:46:21.736] [renderer1] [error] <syntax> TypeScript Server Error (3.8.3)
Debug Failure. False expression: Expected line to be non-zero
Error: Debug Failure. False expression: Expected line to be non-zero
    at failIfInvalidLocation (tsserver.js:138899:22)
    at ScriptInfo.positionToLineOffset (tsserver.js:138872:17)
    at toProtocolTextSpan (tsserver.js:146077:35)
    at tsserver.js:145608:68
    at Array.map (<anonymous>)
    at IOSession.Session.toLocationNavigationTree (tsserver.js:145608:39)
    at IOSession.Session.getNavigationTree (tsserver.js:145619:32)
    at Session.handlers.ts.createMapFromTemplate._a.<computed> (tsserver.js:144481:61)
    at tsserver.js:146003:88
    at IOSession.Session.executeWithRequestId (tsserver.js:145994:28)
    at IOSession.Session.executeCommand (tsserver.js:146003:33)
    at IOSession.Session.onMessage (tsserver.js:146027:35)
    at Interface.<anonymous> (tsserver.js:147342:27)
    at Interface.emit (events.js:203:13)
    at Interface._onLine (readline.js:316:10)
    at Interface._normalWrite (readline.js:461:12)
    at Socket.ondata (readline.js:172:10)
    at Socket.emit (events.js:203:13)
    at addChunk (_stream_readable.js:295:12)
    at readableAddChunk (_stream_readable.js:276:11)
    at Socket.Readable.push (_stream_readable.js:210:10)
    at Pipe.onStreamRead (internal/stream_base_commons.js:166:17): Error: <syntax> TypeScript Server Error (3.8.3)
Debug Failure. False expression: Expected line to be non-zero
Error: Debug Failure. False expression: Expected line to be non-zero
    at failIfInvalidLocation (tsserver.js:138899:22)
    at ScriptInfo.positionToLineOffset (tsserver.js:138872:17)
    at toProtocolTextSpan (tsserver.js:146077:35)
    at tsserver.js:145608:68
    at Array.map (<anonymous>)
    at IOSession.Session.toLocationNavigationTree (tsserver.js:145608:39)
    at IOSession.Session.getNavigationTree (tsserver.js:145619:32)
    at Session.handlers.ts.createMapFromTemplate._a.<computed> (tsserver.js:144481:61)
    at tsserver.js:146003:88
    at IOSession.Session.executeWithRequestId (tsserver.js:145994:28)
    at IOSession.Session.executeCommand (tsserver.js:146003:33)
    at IOSession.Session.onMessage (tsserver.js:146027:35)
    at Interface.<anonymous> (tsserver.js:147342:27)
    at Interface.emit (events.js:203:13)
    at Interface._onLine (readline.js:316:10)
    at Interface._normalWrite (readline.js:461:12)
    at Socket.ondata (readline.js:172:10)
    at Socket.emit (events.js:203:13)
    at addChunk (_stream_readable.js:295:12)
    at readableAddChunk (_stream_readable.js:276:11)
    at Socket.Readable.push (_stream_readable.js:210:10)
    at Pipe.onStreamRead (internal/stream_base_commons.js:166:17)
	at Function.create (/usr/share/code/resources/app/extensions/typescript-language-features/dist/extension.js:1:52622)
	at e.dispatchResponse (/usr/share/code/resources/app/extensions/typescript-language-features/dist/extension.js:1:220920)
	at e.dispatchMessage (/usr/share/code/resources/app/extensions/typescript-language-features/dist/extension.js:1:219838)
	at /usr/share/code/resources/app/extensions/typescript-language-features/dist/extension.js:1:219314
	at e.fire (/usr/share/code/resources/app/out/vs/workbench/services/extensions/node/extensionHostProcess.js:48:497)
	at t.Reader.onLengthData (/usr/share/code/resources/app/extensions/typescript-language-features/dist/extension.js:1:227976)
	at Socket.<anonymous> (/usr/share/code/resources/app/extensions/typescript-language-features/dist/extension.js:1:227624)
	at Socket.emit (events.js:203:13)
	at addChunk (_stream_readable.js:295:12)
	at readableAddChunk (_stream_readable.js:276:11)
	at Socket.Readable.push (_stream_readable.js:210:10)
	at Pipe.onStreamRead (internal/stream_base_commons.js:166:17)
[2020-08-19 00:46:45.551] [renderer1] [error] <syntax> TypeScript Server Error (3.8.3)
Debug Failure. False expression: Expected line to be non-zero
Error: Debug Failure. False expression: Expected line to be non-zero
    at failIfInvalidLocation (tsserver.js:138899:22)
    at ScriptInfo.positionToLineOffset (tsserver.js:138872:17)
    at toProtocolTextSpan (tsserver.js:146077:35)
    at tsserver.js:145608:68
    at Array.map (<anonymous>)
    at IOSession.Session.toLocationNavigationTree (tsserver.js:145608:39)
    at IOSession.Session.getNavigationTree (tsserver.js:145619:32)
    at Session.handlers.ts.createMapFromTemplate._a.<computed> (tsserver.js:144481:61)
    at tsserver.js:146003:88
    at IOSession.Session.executeWithRequestId (tsserver.js:145994:28)
    at IOSession.Session.executeCommand (tsserver.js:146003:33)
    at IOSession.Session.onMessage (tsserver.js:146027:35)
    at Interface.<anonymous> (tsserver.js:147342:27)
    at Interface.emit (events.js:203:13)
    at Interface._onLine (readline.js:316:10)
    at Interface._normalWrite (readline.js:461:12)
    at Socket.ondata (readline.js:172:10)
    at Socket.emit (events.js:203:13)
    at addChunk (_stream_readable.js:295:12)
    at readableAddChunk (_stream_readable.js:276:11)
    at Socket.Readable.push (_stream_readable.js:210:10)
    at Pipe.onStreamRead (internal/stream_base_commons.js:166:17): Error: <syntax> TypeScript Server Error (3.8.3)
Debug Failure. False expression: Expected line to be non-zero
Error: Debug Failure. False expression: Expected line to be non-zero
    at failIfInvalidLocation (tsserver.js:138899:22)
    at ScriptInfo.positionToLineOffset (tsserver.js:138872:17)
    at toProtocolTextSpan (tsserver.js:146077:35)
    at tsserver.js:145608:68
    at Array.map (<anonymous>)
    at IOSession.Session.toLocationNavigationTree (tsserver.js:145608:39)
    at IOSession.Session.getNavigationTree (tsserver.js:145619:32)
    at Session.handlers.ts.createMapFromTemplate._a.<computed> (tsserver.js:144481:61)
    at tsserver.js:146003:88
    at IOSession.Session.executeWithRequestId (tsserver.js:145994:28)
    at IOSession.Session.executeCommand (tsserver.js:146003:33)
    at IOSession.Session.onMessage (tsserver.js:146027:35)
    at Interface.<anonymous> (tsserver.js:147342:27)
    at Interface.emit (events.js:203:13)
    at Interface._onLine (readline.js:316:10)
    at Interface._normalWrite (readline.js:461:12)
    at Socket.ondata (readline.js:172:10)
    at Socket.emit (events.js:203:13)
    at addChunk (_stream_readable.js:295:12)
    at readableAddChunk (_stream_readable.js:276:11)
    at Socket.Readable.push (_stream_readable.js:210:10)
    at Pipe.onStreamRead (internal/stream_base_commons.js:166:17)
	at Function.create (/usr/share/code/resources/app/extensions/typescript-language-features/dist/extension.js:1:52622)
	at e.dispatchResponse (/usr/share/code/resources/app/extensions/typescript-language-features/dist/extension.js:1:220920)
	at e.dispatchMessage (/usr/share/code/resources/app/extensions/typescript-language-features/dist/extension.js:1:219838)
	at /usr/share/code/resources/app/extensions/typescript-language-features/dist/extension.js:1:219314
	at e.fire (/usr/share/code/resources/app/out/vs/workbench/services/extensions/node/extensionHostProcess.js:48:497)
	at t.Reader.onLengthData (/usr/share/code/resources/app/extensions/typescript-language-features/dist/extension.js:1:227976)
	at Socket.<anonymous> (/usr/share/code/resources/app/extensions/typescript-language-features/dist/extension.js:1:227624)
	at Socket.emit (events.js:203:13)
	at addChunk (_stream_readable.js:295:12)
	at readableAddChunk (_stream_readable.js:276:11)
	at Socket.Readable.push (_stream_readable.js:210:10)
	at Pipe.onStreamRead (internal/stream_base_commons.js:166:17)
[2020-08-19 00:47:02.403] [renderer1] [error] <syntax> TypeScript Server Error (3.8.3)
Debug Failure. False expression: Expected line to be non-zero
Error: Debug Failure. False expression: Expected line to be non-zero
    at failIfInvalidLocation (tsserver.js:138899:22)
    at ScriptInfo.positionToLineOffset (tsserver.js:138872:17)
    at toProtocolTextSpan (tsserver.js:146077:35)
    at tsserver.js:145608:68
    at Array.map (<anonymous>)
    at IOSession.Session.toLocationNavigationTree (tsserver.js:145608:39)
    at IOSession.Session.getNavigationTree (tsserver.js:145619:32)
    at Session.handlers.ts.createMapFromTemplate._a.<computed> (tsserver.js:144481:61)
    at tsserver.js:146003:88
    at IOSession.Session.executeWithRequestId (tsserver.js:145994:28)
    at IOSession.Session.executeCommand (tsserver.js:146003:33)
    at IOSession.Session.onMessage (tsserver.js:146027:35)
    at Interface.<anonymous> (tsserver.js:147342:27)
    at Interface.emit (events.js:203:13)
    at Interface._onLine (readline.js:316:10)
    at Interface._normalWrite (readline.js:461:12)
    at Socket.ondata (readline.js:172:10)
    at Socket.emit (events.js:203:13)
    at addChunk (_stream_readable.js:295:12)
    at readableAddChunk (_stream_readable.js:276:11)
    at Socket.Readable.push (_stream_readable.js:210:10)
    at Pipe.onStreamRead (internal/stream_base_commons.js:166:17): Error: <syntax> TypeScript Server Error (3.8.3)
Debug Failure. False expression: Expected line to be non-zero
Error: Debug Failure. False expression: Expected line to be non-zero
    at failIfInvalidLocation (tsserver.js:138899:22)
    at ScriptInfo.positionToLineOffset (tsserver.js:138872:17)
    at toProtocolTextSpan (tsserver.js:146077:35)
    at tsserver.js:145608:68
    at Array.map (<anonymous>)
    at IOSession.Session.toLocationNavigationTree (tsserver.js:145608:39)
    at IOSession.Session.getNavigationTree (tsserver.js:145619:32)
    at Session.handlers.ts.createMapFromTemplate._a.<computed> (tsserver.js:144481:61)
    at tsserver.js:146003:88
    at IOSession.Session.executeWithRequestId (tsserver.js:145994:28)
    at IOSession.Session.executeCommand (tsserver.js:146003:33)
    at IOSession.Session.onMessage (tsserver.js:146027:35)
    at Interface.<anonymous> (tsserver.js:147342:27)
    at Interface.emit (events.js:203:13)
    at Interface._onLine (readline.js:316:10)
    at Interface._normalWrite (readline.js:461:12)
    at Socket.ondata (readline.js:172:10)
    at Socket.emit (events.js:203:13)
    at addChunk (_stream_readable.js:295:12)
    at readableAddChunk (_stream_readable.js:276:11)
    at Socket.Readable.push (_stream_readable.js:210:10)
    at Pipe.onStreamRead (internal/stream_base_commons.js:166:17)
	at Function.create (/usr/share/code/resources/app/extensions/typescript-language-features/dist/extension.js:1:52622)
	at e.dispatchResponse (/usr/share/code/resources/app/extensions/typescript-language-features/dist/extension.js:1:220920)
	at e.dispatchMessage (/usr/share/code/resources/app/extensions/typescript-language-features/dist/extension.js:1:219838)
	at /usr/share/code/resources/app/extensions/typescript-language-features/dist/extension.js:1:219314
	at e.fire (/usr/share/code/resources/app/out/vs/workbench/services/extensions/node/extensionHostProcess.js:48:497)
	at t.Reader.onLengthData (/usr/share/code/resources/app/extensions/typescript-language-features/dist/extension.js:1:227976)
	at Socket.<anonymous> (/usr/share/code/resources/app/extensions/typescript-language-features/dist/extension.js:1:227624)
	at Socket.emit (events.js:203:13)
	at addChunk (_stream_readable.js:295:12)
	at readableAddChunk (_stream_readable.js:276:11)
	at Socket.Readable.push (_stream_readable.js:210:10)
	at Pipe.onStreamRead (internal/stream_base_commons.js:166:17)
[2020-08-19 00:47:29.081] [renderer1] [error] Error: [File Watcher (chokidar)] Inotify limit reached (ENOSPC)
[2020-08-19 00:47:29.105] [renderer1] [error] [File Watcher (chokidar)] Inotify limit reached (ENOSPC)
[2020-08-19 00:48:19.511] [renderer1] [error] <syntax> TypeScript Server Error (3.8.3)
Debug Failure. False expression: Expected line to be non-zero
Error: Debug Failure. False expression: Expected line to be non-zero
    at failIfInvalidLocation (tsserver.js:138899:22)
    at ScriptInfo.positionToLineOffset (tsserver.js:138872:17)
    at toProtocolTextSpan (tsserver.js:146077:35)
    at tsserver.js:145608:68
    at Array.map (<anonymous>)
    at IOSession.Session.toLocationNavigationTree (tsserver.js:145608:39)
    at IOSession.Session.getNavigationTree (tsserver.js:145619:32)
    at Session.handlers.ts.createMapFromTemplate._a.<computed> (tsserver.js:144481:61)
    at tsserver.js:146003:88
    at IOSession.Session.executeWithRequestId (tsserver.js:145994:28)
    at IOSession.Session.executeCommand (tsserver.js:146003:33)
    at IOSession.Session.onMessage (tsserver.js:146027:35)
    at Interface.<anonymous> (tsserver.js:147342:27)
    at Interface.emit (events.js:203:13)
    at Interface._onLine (readline.js:316:10)
    at Interface._normalWrite (readline.js:461:12)
    at Socket.ondata (readline.js:172:10)
    at Socket.emit (events.js:203:13)
    at addChunk (_stream_readable.js:295:12)
    at readableAddChunk (_stream_readable.js:276:11)
    at Socket.Readable.push (_stream_readable.js:210:10)
    at Pipe.onStreamRead (internal/stream_base_commons.js:166:17): Error: <syntax> TypeScript Server Error (3.8.3)
Debug Failure. False expression: Expected line to be non-zero
Error: Debug Failure. False expression: Expected line to be non-zero
    at failIfInvalidLocation (tsserver.js:138899:22)
    at ScriptInfo.positionToLineOffset (tsserver.js:138872:17)
    at toProtocolTextSpan (tsserver.js:146077:35)
    at tsserver.js:145608:68
    at Array.map (<anonymous>)
    at IOSession.Session.toLocationNavigationTree (tsserver.js:145608:39)
    at IOSession.Session.getNavigationTree (tsserver.js:145619:32)
    at Session.handlers.ts.createMapFromTemplate._a.<computed> (tsserver.js:144481:61)
    at tsserver.js:146003:88
    at IOSession.Session.executeWithRequestId (tsserver.js:145994:28)
    at IOSession.Session.executeCommand (tsserver.js:146003:33)
    at IOSession.Session.onMessage (tsserver.js:146027:35)
    at Interface.<anonymous> (tsserver.js:147342:27)
    at Interface.emit (events.js:203:13)
    at Interface._onLine (readline.js:316:10)
    at Interface._normalWrite (readline.js:461:12)
    at Socket.ondata (readline.js:172:10)
    at Socket.emit (events.js:203:13)
    at addChunk (_stream_readable.js:295:12)
    at readableAddChunk (_stream_readable.js:276:11)
    at Socket.Readable.push (_stream_readable.js:210:10)
    at Pipe.onStreamRead (internal/stream_base_commons.js:166:17)
	at Function.create (/usr/share/code/resources/app/extensions/typescript-language-features/dist/extension.js:1:52622)
	at e.dispatchResponse (/usr/share/code/resources/app/extensions/typescript-language-features/dist/extension.js:1:220920)
	at e.dispatchMessage (/usr/share/code/resources/app/extensions/typescript-language-features/dist/extension.js:1:219838)
	at /usr/share/code/resources/app/extensions/typescript-language-features/dist/extension.js:1:219314
	at e.fire (/usr/share/code/resources/app/out/vs/workbench/services/extensions/node/extensionHostProcess.js:48:497)
	at t.Reader.onLengthData (/usr/share/code/resources/app/extensions/typescript-language-features/dist/extension.js:1:227976)
	at Socket.<anonymous> (/usr/share/code/resources/app/extensions/typescript-language-features/dist/extension.js:1:227624)
	at Socket.emit (events.js:203:13)
	at addChunk (_stream_readable.js:295:12)
	at readableAddChunk (_stream_readable.js:276:11)
	at Socket.Readable.push (_stream_readable.js:210:10)
	at Pipe.onStreamRead (internal/stream_base_commons.js:166:17)
